
use_experimental: True
--------------------------------------------------------------------------------
max_seq_len: 128
d_model: 452
num_layers: 12
ff_hidden: 2048
lr: 0.0001
num_epochs: 30
batch_size: 128
grad_clip: 0.5
weight_decay: 0.01
Precision: bf16
--------------------------------------------------------------------------------
Model Parameter Count: 57379394
--------------------------------------------------------------------------------
Epoch: 1/30
Time Taken: 32.89s - LR: 9.98e-05
Train Loss: 7.4054 - Train Perplexity: 1644.88
Valid Loss: 6.6378 - Valid Perplexity: 763.43
--------------------------------------------------------------------------------
Epoch: 2/30
Time Taken: 32.10s - LR: 9.90e-05
Train Loss: 6.4082 - Train Perplexity: 606.83
Valid Loss: 6.2491 - Valid Perplexity: 517.53
--------------------------------------------------------------------------------
Epoch: 3/30
Time Taken: 32.12s - LR: 9.78e-05
Train Loss: 6.0721 - Train Perplexity: 433.60
Valid Loss: 6.0366 - Valid Perplexity: 418.48
--------------------------------------------------------------------------------
Epoch: 4/30
Time Taken: 32.23s - LR: 9.61e-05
Train Loss: 5.8437 - Train Perplexity: 345.05
Valid Loss: 5.8789 - Valid Perplexity: 357.43
--------------------------------------------------------------------------------
Epoch: 5/30
Time Taken: 32.26s - LR: 9.40e-05
Train Loss: 5.6651 - Train Perplexity: 288.61
Valid Loss: 5.7635 - Valid Perplexity: 318.46
--------------------------------------------------------------------------------
Epoch: 6/30
Time Taken: 32.20s - LR: 9.14e-05
Train Loss: 5.5182 - Train Perplexity: 249.18
Valid Loss: 5.6629 - Valid Perplexity: 287.98
--------------------------------------------------------------------------------
Epoch: 7/30
Time Taken: 32.10s - LR: 8.84e-05
Train Loss: 5.3928 - Train Perplexity: 219.82
Valid Loss: 5.5820 - Valid Perplexity: 265.60
--------------------------------------------------------------------------------
Epoch: 8/30
Time Taken: 32.22s - LR: 8.51e-05
Train Loss: 5.2852 - Train Perplexity: 197.40
Valid Loss: 5.5141 - Valid Perplexity: 248.17
--------------------------------------------------------------------------------
Epoch: 9/30
Time Taken: 32.20s - LR: 8.15e-05
Train Loss: 5.1877 - Train Perplexity: 179.05
Valid Loss: 5.4637 - Valid Perplexity: 235.98
--------------------------------------------------------------------------------
Epoch: 10/30
Time Taken: 32.11s - LR: 7.75e-05
Train Loss: 5.1027 - Train Perplexity: 164.47
Valid Loss: 5.4122 - Valid Perplexity: 224.13
--------------------------------------------------------------------------------
Epoch: 11/30
Time Taken: 32.17s - LR: 7.33e-05
Train Loss: 5.0244 - Train Perplexity: 152.08
Valid Loss: 5.3759 - Valid Perplexity: 216.14