
use_experimental: True
--------------------------------------------------------------------------------
max_seq_len: 128
d_model: 452
num_layers: 12
ff_hidden: 2048
lr: 0.0001
num_epochs: 30
batch_size: 128
grad_clip: 0.5
weight_decay: 0.01
Precision: bf16
--------------------------------------------------------------------------------
Model Parameter Count: 57379394
--------------------------------------------------------------------------------
Epoch: 1/30
Time Taken: 34.45s - LR: 9.98e-05
Train Loss: 7.4000 - Train Perplexity: 1636.01
Valid Loss: 6.6052 - Valid Perplexity: 738.93
--------------------------------------------------------------------------------
Epoch: 2/30
Time Taken: 33.57s - LR: 9.90e-05
Train Loss: 6.3732 - Train Perplexity: 585.91
Valid Loss: 6.1822 - Valid Perplexity: 484.05
--------------------------------------------------------------------------------
Epoch: 3/30
Time Taken: 33.56s - LR: 9.78e-05
Train Loss: 6.0159 - Train Perplexity: 409.91
Valid Loss: 5.9657 - Valid Perplexity: 389.83
--------------------------------------------------------------------------------
Epoch: 4/30
Time Taken: 33.61s - LR: 9.61e-05
Train Loss: 5.7795 - Train Perplexity: 323.60
Valid Loss: 5.8072 - Valid Perplexity: 332.67
--------------------------------------------------------------------------------
Epoch: 5/30
Time Taken: 33.68s - LR: 9.40e-05
Train Loss: 5.5990 - Train Perplexity: 270.15
Valid Loss: 5.6877 - Valid Perplexity: 295.23
--------------------------------------------------------------------------------
Epoch: 6/30
Time Taken: 33.59s - LR: 9.14e-05
Train Loss: 5.4514 - Train Perplexity: 233.08
Valid Loss: 5.5884 - Valid Perplexity: 267.31
--------------------------------------------------------------------------------
Epoch: 7/30
Time Taken: 33.73s - LR: 8.84e-05
Train Loss: 5.3275 - Train Perplexity: 205.92
Valid Loss: 5.5162 - Valid Perplexity: 248.68
--------------------------------------------------------------------------------
Epoch: 8/30
Time Taken: 33.64s - LR: 8.51e-05
Train Loss: 5.2200 - Train Perplexity: 184.94
Valid Loss: 5.4566 - Valid Perplexity: 234.30
--------------------------------------------------------------------------------
Epoch: 9/30
Time Taken: 33.60s - LR: 8.15e-05
Train Loss: 5.1263 - Train Perplexity: 168.39
Valid Loss: 5.3961 - Valid Perplexity: 220.55
--------------------------------------------------------------------------------
Epoch: 10/30
Time Taken: 33.62s - LR: 7.75e-05
Train Loss: 5.0428 - Train Perplexity: 154.91
Valid Loss: 5.3542 - Valid Perplexity: 211.49
--------------------------------------------------------------------------------
Epoch: 11/30
Time Taken: 33.67s - LR: 7.33e-05
Train Loss: 4.9682 - Train Perplexity: 143.77
Valid Loss: 5.3127 - Valid Perplexity: 202.90