
use_experimental: True
--------------------------------------------------------------------------------
max_seq_len: 128
d_model: 512
num_layers: 12
ff_hidden: 2048
lr: 0.0001
num_epochs: 30
batch_size: 128
grad_clip: 0.5
weight_decay: 0.01
--------------------------------------------------------------------------------
Model Parameter Count: 66829394
--------------------------------------------------------------------------------
Epoch: 1/30
Time Taken: 150.29s - LR: 9.98e-05
Train Loss: 7.2955 - Train Perplexity: 1473.72
Valid Loss: 6.5300 - Valid Perplexity: 685.39
--------------------------------------------------------------------------------
Epoch: 2/30
Time Taken: 30.29s - LR: 9.90e-05
Train Loss: 6.2885 - Train Perplexity: 538.34
Valid Loss: 6.1187 - Valid Perplexity: 454.26
--------------------------------------------------------------------------------
Epoch: 3/30
Time Taken: 30.60s - LR: 9.78e-05
Train Loss: 5.9384 - Train Perplexity: 379.34
Valid Loss: 5.8970 - Valid Perplexity: 363.94
--------------------------------------------------------------------------------
Epoch: 4/30
Time Taken: 30.47s - LR: 9.61e-05
Train Loss: 5.6981 - Train Perplexity: 298.30
Valid Loss: 5.7402 - Valid Perplexity: 311.13