
use_experimental: True
--------------------------------------------------------------------------------
max_seq_len: 128
d_model: 400
num_layers: 12
ff_hidden: 2048
lr: 0.0001
num_epochs: 30
batch_size: 128
grad_clip: 0.5
weight_decay: 0.01
Precision: bf16
--------------------------------------------------------------------------------
Model Parameter Count: 49538834
--------------------------------------------------------------------------------
Epoch: 1/30
Time Taken: 152.64s - LR: 9.98e-05
Train Loss: 7.4687 - Train Perplexity: 1752.35
Valid Loss: 6.6277 - Valid Perplexity: 755.71
--------------------------------------------------------------------------------
Epoch: 2/30
Time Taken: 27.87s - LR: 9.90e-05
Train Loss: 6.4080 - Train Perplexity: 606.71
Valid Loss: 6.2198 - Valid Perplexity: 502.60
--------------------------------------------------------------------------------
Epoch: 3/30
Time Taken: 27.85s - LR: 9.78e-05
Train Loss: 6.0662 - Train Perplexity: 431.04
Valid Loss: 6.0062 - Valid Perplexity: 405.95
--------------------------------------------------------------------------------
Epoch: 4/30
Time Taken: 27.90s - LR: 9.61e-05
Train Loss: 5.8367 - Train Perplexity: 342.64
Valid Loss: 5.8450 - Valid Perplexity: 345.49
--------------------------------------------------------------------------------
Epoch: 5/30
Time Taken: 27.79s - LR: 9.40e-05
Train Loss: 5.6582 - Train Perplexity: 286.64
Valid Loss: 5.7198 - Valid Perplexity: 304.85
--------------------------------------------------------------------------------
Epoch: 6/30
Time Taken: 27.87s - LR: 9.14e-05
Train Loss: 5.5125 - Train Perplexity: 247.78
Valid Loss: 5.6181 - Valid Perplexity: 275.37
--------------------------------------------------------------------------------
Epoch: 7/30
Time Taken: 27.87s - LR: 8.84e-05
Train Loss: 5.3901 - Train Perplexity: 219.22
Valid Loss: 5.5442 - Valid Perplexity: 255.75
--------------------------------------------------------------------------------
Epoch: 8/30
Time Taken: 27.59s - LR: 8.51e-05
Train Loss: 5.2848 - Train Perplexity: 197.31
Valid Loss: 5.4734 - Valid Perplexity: 238.26
--------------------------------------------------------------------------------
Epoch: 9/30
Time Taken: 27.80s - LR: 8.15e-05
Train Loss: 5.1912 - Train Perplexity: 179.68
Valid Loss: 5.4146 - Valid Perplexity: 224.67
--------------------------------------------------------------------------------
Epoch: 10/30
Time Taken: 27.99s - LR: 7.75e-05
Train Loss: 5.1080 - Train Perplexity: 165.35
Valid Loss: 5.3694 - Valid Perplexity: 214.73
--------------------------------------------------------------------------------
Epoch: 11/30
Time Taken: 27.91s - LR: 7.33e-05
Train Loss: 5.0326 - Train Perplexity: 153.33
Valid Loss: 5.3262 - Valid Perplexity: 205.66