
use_experimental: True
--------------------------------------------------------------------------------
max_seq_len: 128
d_model: 400
num_layers: 12
ff_hidden: 2048
lr: 0.0001
num_epochs: 30
batch_size: 128
grad_clip: 0.5
weight_decay: 0.01
Precision: bf16
--------------------------------------------------------------------------------
Model Parameter Count: 49538834
--------------------------------------------------------------------------------
Epoch: 1/30
Time Taken: 33.36s - LR: 9.98e-05
Train Loss: 7.4855 - Train Perplexity: 1781.98
Valid Loss: 6.6389 - Valid Perplexity: 764.23
--------------------------------------------------------------------------------
Epoch: 2/30
Time Taken: 32.60s - LR: 9.90e-05
Train Loss: 6.4186 - Train Perplexity: 613.17
Valid Loss: 6.2367 - Valid Perplexity: 511.15
--------------------------------------------------------------------------------
Epoch: 3/30
Time Taken: 32.61s - LR: 9.78e-05
Train Loss: 6.0755 - Train Perplexity: 435.05
Valid Loss: 6.0137 - Valid Perplexity: 409.01
--------------------------------------------------------------------------------
Epoch: 4/30
Time Taken: 32.52s - LR: 9.61e-05
Train Loss: 5.8455 - Train Perplexity: 345.67
Valid Loss: 5.8521 - Valid Perplexity: 347.98
--------------------------------------------------------------------------------
Epoch: 5/30
Time Taken: 32.63s - LR: 9.40e-05
Train Loss: 5.6662 - Train Perplexity: 288.92
Valid Loss: 5.7295 - Valid Perplexity: 307.82
--------------------------------------------------------------------------------
Epoch: 6/30
Time Taken: 32.53s - LR: 9.14e-05
Train Loss: 5.5208 - Train Perplexity: 249.83
Valid Loss: 5.6309 - Valid Perplexity: 278.92
--------------------------------------------------------------------------------
Epoch: 7/30
Time Taken: 32.44s - LR: 8.84e-05
Train Loss: 5.3973 - Train Perplexity: 220.81
Valid Loss: 5.5545 - Valid Perplexity: 258.40
--------------------------------------------------------------------------------
Epoch: 8/30
Time Taken: 32.46s - LR: 8.51e-05
Train Loss: 5.2912 - Train Perplexity: 198.59
Valid Loss: 5.4838 - Valid Perplexity: 240.76
--------------------------------------------------------------------------------
Epoch: 9/30
Time Taken: 32.48s - LR: 8.15e-05
Train Loss: 5.1982 - Train Perplexity: 180.94
Valid Loss: 5.4312 - Valid Perplexity: 228.41
--------------------------------------------------------------------------------
Epoch: 10/30
Time Taken: 32.43s - LR: 7.75e-05
Train Loss: 5.1153 - Train Perplexity: 166.56
Valid Loss: 5.3835 - Valid Perplexity: 217.79
--------------------------------------------------------------------------------
Epoch: 11/30
Time Taken: 32.32s - LR: 7.33e-05
Train Loss: 5.0400 - Train Perplexity: 154.48
Valid Loss: 5.3371 - Valid Perplexity: 207.91