
use_experimental: False
--------------------------------------------------------------------------------
max_seq_len: 128
d_model: 512
num_layers: 12
ff_hidden: 2048
lr: 0.0001
num_epochs: 30
batch_size: 128
grad_clip: 0.5
weight_decay: 0.01
--------------------------------------------------------------------------------
Model Parameter Count: 63677522
--------------------------------------------------------------------------------
Epoch: 1/30
Time Taken: 114.83s - LR: 9.98e-05
Train Loss: 40.5646 - Train Perplexity: 413962349391621120.00
Valid Loss: 27.3211 - Valid Perplexity: 733510056539.00
--------------------------------------------------------------------------------
Epoch: 2/30
Time Taken: 27.78s - LR: 9.90e-05
Train Loss: 25.0528 - Train Perplexity: 75908212383.09
Valid Loss: 20.3811 - Valid Perplexity: 710239866.04
--------------------------------------------------------------------------------
Epoch: 3/30
Time Taken: 27.87s - LR: 9.78e-05
Train Loss: 18.2971 - Train Perplexity: 88376343.06
Valid Loss: 15.3432 - Valid Perplexity: 4607545.33
--------------------------------------------------------------------------------
Epoch: 4/30
Time Taken: 27.85s - LR: 9.61e-05
Train Loss: 13.9135 - Train Perplexity: 1102996.22