
use_experimental: True
--------------------------------------------------------------------------------
max_seq_len: 128
d_model: 512
num_layers: 12
ff_hidden: 2048
lr: 0.0001
num_epochs: 30
batch_size: 128
grad_clip: 0.5
weight_decay: 0.01
--------------------------------------------------------------------------------
Model Parameter Count: 66829394
--------------------------------------------------------------------------------
Epoch: 1/30
Time Taken: 146.09s - LR: 9.98e-05
Train Loss: 7.3251 - Train Perplexity: 1517.94
Valid Loss: 6.5378 - Valid Perplexity: 690.77
--------------------------------------------------------------------------------
Epoch: 2/30
Time Taken: 30.36s - LR: 9.90e-05
Train Loss: 6.2979 - Train Perplexity: 543.44
Valid Loss: 6.1302 - Valid Perplexity: 459.54
--------------------------------------------------------------------------------
Epoch: 3/30
Time Taken: 30.52s - LR: 9.78e-05
Train Loss: 5.9405 - Train Perplexity: 380.11
Valid Loss: 5.9045 - Valid Perplexity: 366.70
--------------------------------------------------------------------------------
Epoch: 4/30
Time Taken: 30.49s - LR: 9.61e-05
Train Loss: 5.6977 - Train Perplexity: 298.18
Valid Loss: 5.7383 - Valid Perplexity: 310.54
--------------------------------------------------------------------------------
Epoch: 5/30
Time Taken: 30.58s - LR: 9.40e-05
Train Loss: 5.5101 - Train Perplexity: 247.18
Valid Loss: 5.6219 - Valid Perplexity: 276.43
--------------------------------------------------------------------------------
Epoch: 6/30
Time Taken: 30.55s - LR: 9.14e-05
Train Loss: 5.3580 - Train Perplexity: 212.31
Valid Loss: 5.5209 - Valid Perplexity: 249.86
--------------------------------------------------------------------------------
Epoch: 7/30
Time Taken: 30.54s - LR: 8.84e-05
Train Loss: 5.2274 - Train Perplexity: 186.31
Valid Loss: 5.4404 - Valid Perplexity: 230.54
--------------------------------------------------------------------------------
Epoch: 8/30
Time Taken: 30.57s - LR: 8.51e-05
Train Loss: 5.1146 - Train Perplexity: 166.43
Valid Loss: 5.3674 - Valid Perplexity: 214.31
--------------------------------------------------------------------------------
Epoch: 9/30
Time Taken: 30.60s - LR: 8.15e-05
Train Loss: 5.0144 - Train Perplexity: 150.56
Valid Loss: 5.3270 - Valid Perplexity: 205.82
--------------------------------------------------------------------------------
Epoch: 10/30
Time Taken: 30.54s - LR: 7.75e-05
Train Loss: 4.9251 - Train Perplexity: 137.70
Valid Loss: 5.2764 - Valid Perplexity: 195.66
--------------------------------------------------------------------------------
Epoch: 11/30
Time Taken: 30.50s - LR: 7.33e-05
Train Loss: 4.8444 - Train Perplexity: 127.03
Valid Loss: 5.2404 - Valid Perplexity: 188.75
--------------------------------------------------------------------------------
Epoch: 12/30
Time Taken: 30.58s - LR: 6.89e-05
Train Loss: 4.7709 - Train Perplexity: 118.03
Valid Loss: 5.2017 - Valid Perplexity: 181.58
--------------------------------------------------------------------------------
Epoch: 13/30
Time Taken: 30.55s - LR: 6.44e-05
Train Loss: 4.7059 - Train Perplexity: 110.60
Valid Loss: 5.1724 - Valid Perplexity: 176.35
--------------------------------------------------------------------------------
Epoch: 14/30
Time Taken: 30.52s - LR: 5.97e-05
Train Loss: 4.6464 - Train Perplexity: 104.21
Valid Loss: 5.1463 - Valid Perplexity: 171.80
--------------------------------------------------------------------------------
Epoch: 15/30
Time Taken: 30.56s - LR: 5.50e-05
Train Loss: 4.5933 - Train Perplexity: 98.82
Valid Loss: 5.1258 - Valid Perplexity: 168.31
--------------------------------------------------------------------------------
Epoch: 16/30
Time Taken: 30.48s - LR: 5.03e-05
Train Loss: 4.5454 - Train Perplexity: 94.19
Valid Loss: 5.1141 - Valid Perplexity: 166.35
--------------------------------------------------------------------------------
Epoch: 17/30
Time Taken: 30.46s - LR: 4.56e-05
Train Loss: 4.5022 - Train Perplexity: 90.21
Valid Loss: 5.0953 - Valid Perplexity: 163.26
--------------------------------------------------------------------------------
Epoch: 18/30
Time Taken: 30.51s - LR: 4.11e-05
Train Loss: 4.4632 - Train Perplexity: 86.77
Valid Loss: 5.0783 - Valid Perplexity: 160.50
--------------------------------------------------------------------------------
Epoch: 19/30
Time Taken: 30.41s - LR: 3.67e-05
Train Loss: 4.4282 - Train Perplexity: 83.78
Valid Loss: 5.0643 - Valid Perplexity: 158.26
--------------------------------------------------------------------------------
Epoch: 20/30
Time Taken: 30.47s - LR: 3.25e-05
Train Loss: 4.3964 - Train Perplexity: 81.16
Valid Loss: 5.0602 - Valid Perplexity: 157.62
--------------------------------------------------------------------------------
Epoch: 21/30
Time Taken: 30.49s - LR: 2.85e-05
Train Loss: 4.3679 - Train Perplexity: 78.87
Valid Loss: 5.0527 - Valid Perplexity: 156.44
--------------------------------------------------------------------------------
Epoch: 22/30
Time Taken: 30.57s - LR: 2.49e-05
Train Loss: 4.3443 - Train Perplexity: 77.04
Valid Loss: 5.0481 - Valid Perplexity: 155.72
--------------------------------------------------------------------------------
Epoch: 23/30
Time Taken: 30.56s - LR: 2.16e-05
Train Loss: 4.3236 - Train Perplexity: 75.46
Valid Loss: 5.0379 - Valid Perplexity: 154.14
--------------------------------------------------------------------------------
Epoch: 24/30
Time Taken: 30.39s - LR: 1.86e-05
Train Loss: 4.3049 - Train Perplexity: 74.06
Valid Loss: 5.0328 - Valid Perplexity: 153.35
--------------------------------------------------------------------------------
Epoch: 25/30
Time Taken: 30.57s - LR: 1.60e-05
Train Loss: 4.2885 - Train Perplexity: 72.86
Valid Loss: 5.0293 - Valid Perplexity: 152.83
--------------------------------------------------------------------------------
Epoch: 26/30
Time Taken: 30.43s - LR: 1.39e-05
Train Loss: 4.2749 - Train Perplexity: 71.88
Valid Loss: 5.0290 - Valid Perplexity: 152.78
--------------------------------------------------------------------------------
Epoch: 27/30
Time Taken: 30.51s - LR: 1.22e-05
Train Loss: 4.2627 - Train Perplexity: 71.00
Valid Loss: 5.0216 - Valid Perplexity: 151.65
--------------------------------------------------------------------------------
Epoch: 28/30
Time Taken: 30.40s - LR: 1.10e-05
Train Loss: 4.2521 - Train Perplexity: 70.26
Valid Loss: 5.0198 - Valid Perplexity: 151.38
--------------------------------------------------------------------------------
Epoch: 29/30
Time Taken: 30.48s - LR: 1.02e-05
Train Loss: 4.2446 - Train Perplexity: 69.73
Valid Loss: 5.0186 - Valid Perplexity: 151.20
--------------------------------------------------------------------------------
Epoch: 30/30
Time Taken: 30.62s - LR: 1.00e-05
Train Loss: 4.2363 - Train Perplexity: 69.15
Valid Loss: 5.0160 - Valid Perplexity: 150.80