
use_experimental: False
--------------------------------------------------------------------------------
max_seq_len: 128
d_model: 512
num_layers: 12
ff_hidden: 2048
lr: 0.0001
num_epochs: 30
batch_size: 128
grad_clip: 0.5
weight_decay: 0.01
--------------------------------------------------------------------------------
Model Parameter Count: 63677522
--------------------------------------------------------------------------------
Epoch: 1/30
Time Taken: 109.39s - LR: 9.98e-05
Train Loss: 7.3076 - Train Perplexity: 1491.65
Valid Loss: 6.5629 - Valid Perplexity: 708.30
--------------------------------------------------------------------------------
Epoch: 2/30
Time Taken: 27.89s - LR: 9.90e-05
Train Loss: 6.3339 - Train Perplexity: 563.37
Valid Loss: 6.1786 - Valid Perplexity: 482.32
--------------------------------------------------------------------------------
Epoch: 3/30
Time Taken: 27.88s - LR: 9.78e-05
Train Loss: 6.0002 - Train Perplexity: 403.50
Valid Loss: 5.9674 - Valid Perplexity: 390.49
--------------------------------------------------------------------------------
Epoch: 4/30
Time Taken: 27.78s - LR: 9.61e-05
Train Loss: 5.7719 - Train Perplexity: 321.14
Valid Loss: 5.8136 - Valid Perplexity: 334.82
--------------------------------------------------------------------------------
Epoch: 5/30
Time Taken: 27.90s - LR: 9.40e-05
Train Loss: 5.5905 - Train Perplexity: 267.88
Valid Loss: 5.6947 - Valid Perplexity: 297.30