
use_experimental: False
--------------------------------------------------------------------------------
max_seq_len: 128
d_model: 512
num_layers: 12
ff_hidden: 2048
lr: 0.0001
num_epochs: 30
batch_size: 128
grad_clip: 0.5
weight_decay: 0.01
--------------------------------------------------------------------------------
Model Parameter Count: 63677522
--------------------------------------------------------------------------------
Epoch: 1/30
Time Taken: 116.01s - LR: 9.98e-05
Train Loss: 7.3263 - Train Perplexity: 1519.71
Valid Loss: 6.5691 - Valid Perplexity: 712.75
--------------------------------------------------------------------------------
Epoch: 2/30
Time Taken: 27.85s - LR: 9.90e-05
Train Loss: 6.3362 - Train Perplexity: 564.67
Valid Loss: 6.1774 - Valid Perplexity: 481.72