
use_experimental: False
--------------------------------------------------------------------------------
max_seq_len: 128
d_model: 512
num_layers: 12
ff_hidden: 2048
lr: 0.0001
num_epochs: 30
batch_size: 128
grad_clip: 0.5
weight_decay: 0.01
Precision: fp32
--------------------------------------------------------------------------------
Model Parameter Count: 63677522
--------------------------------------------------------------------------------
Epoch: 1/30
Time Taken: 116.48s - LR: 9.98e-05
Train Loss: 7.3339 - Train Perplexity: 1531.36
Valid Loss: 6.5681 - Valid Perplexity: 712.03
--------------------------------------------------------------------------------
Epoch: 2/30
Time Taken: 44.58s - LR: 9.90e-05
Train Loss: 6.3372 - Train Perplexity: 565.19
Valid Loss: 6.1782 - Valid Perplexity: 482.13
--------------------------------------------------------------------------------
Epoch: 3/30
Time Taken: 44.63s - LR: 9.78e-05
Train Loss: 6.0000 - Train Perplexity: 403.43
Valid Loss: 5.9646 - Valid Perplexity: 389.39