
use_experimental: True
--------------------------------------------------------------------------------
max_seq_len: 128
d_model: 512
num_layers: 12
ff_hidden: 2048
lr: 0.0001
num_epochs: 30
batch_size: 128
grad_clip: 0.5
weight_decay: 0.01
Precision: bf16
--------------------------------------------------------------------------------
Model Parameter Count: 66829394
--------------------------------------------------------------------------------
Epoch: 1/30
Time Taken: 152.35s - LR: 9.98e-05
Train Loss: 7.3000 - Train Perplexity: 1480.37
Valid Loss: 6.5269 - Valid Perplexity: 683.30
--------------------------------------------------------------------------------
Epoch: 2/30
Time Taken: 30.22s - LR: 9.90e-05
Train Loss: 6.2882 - Train Perplexity: 538.18
Valid Loss: 6.1213 - Valid Perplexity: 455.46
--------------------------------------------------------------------------------
Epoch: 3/30
Time Taken: 30.35s - LR: 9.78e-05
Train Loss: 5.9352 - Train Perplexity: 378.10
Valid Loss: 5.9025 - Valid Perplexity: 365.94
--------------------------------------------------------------------------------
Epoch: 4/30
Time Taken: 30.25s - LR: 9.61e-05
Train Loss: 5.6954 - Train Perplexity: 297.48
Valid Loss: 5.7443 - Valid Perplexity: 312.40
--------------------------------------------------------------------------------
Epoch: 5/30
Time Taken: 30.43s - LR: 9.40e-05
Train Loss: 5.5115 - Train Perplexity: 247.52
Valid Loss: 5.6132 - Valid Perplexity: 274.03
--------------------------------------------------------------------------------
Epoch: 6/30
Time Taken: 30.47s - LR: 9.14e-05
Train Loss: 5.3598 - Train Perplexity: 212.69
Valid Loss: 5.5248 - Valid Perplexity: 250.85
--------------------------------------------------------------------------------
Epoch: 7/30
Time Taken: 30.33s - LR: 8.84e-05
Train Loss: 5.2294 - Train Perplexity: 186.68
Valid Loss: 5.4448 - Valid Perplexity: 231.56
--------------------------------------------------------------------------------
Epoch: 8/30
Time Taken: 30.47s - LR: 8.51e-05
Train Loss: 5.1167 - Train Perplexity: 166.78
Valid Loss: 5.3729 - Valid Perplexity: 215.49
--------------------------------------------------------------------------------
Epoch: 9/30
Time Taken: 30.37s - LR: 8.15e-05
Train Loss: 5.0176 - Train Perplexity: 151.04
Valid Loss: 5.3233 - Valid Perplexity: 205.06
--------------------------------------------------------------------------------
Epoch: 10/30
Time Taken: 30.30s - LR: 7.75e-05
Train Loss: 4.9279 - Train Perplexity: 138.09
Valid Loss: 5.2744 - Valid Perplexity: 195.27
--------------------------------------------------------------------------------
Epoch: 11/30
Time Taken: 30.30s - LR: 7.33e-05
Train Loss: 4.8478 - Train Perplexity: 127.47
Valid Loss: 5.2368 - Valid Perplexity: 188.06