
use_experimental: True
--------------------------------------------------------------------------------
max_seq_len: 128
d_model: 400
num_layers: 12
ff_hidden: 2048
lr: 0.0001
num_epochs: 30
batch_size: 128
grad_clip: 0.5
weight_decay: 0.01
Precision: fp32
--------------------------------------------------------------------------------
Model Parameter Count: 47621378
--------------------------------------------------------------------------------
Epoch: 1/30
Time Taken: 50.52s - LR: 9.98e-05
Train Loss: 7.4332 - Train Perplexity: 1691.24
Valid Loss: 6.6064 - Valid Perplexity: 739.80
--------------------------------------------------------------------------------
Epoch: 2/30
Time Taken: 49.84s - LR: 9.90e-05
Train Loss: 6.3264 - Train Perplexity: 559.14
Valid Loss: 6.0374 - Valid Perplexity: 418.79
--------------------------------------------------------------------------------
Epoch: 3/30
Time Taken: 49.84s - LR: 9.78e-05
Train Loss: 5.6084 - Train Perplexity: 272.72
Valid Loss: 4.3747 - Valid Perplexity: 79.41
--------------------------------------------------------------------------------
Epoch: 4/30
Time Taken: 49.87s - LR: 9.61e-05
Train Loss: 2.8483 - Train Perplexity: 17.26
Valid Loss: 0.9922 - Valid Perplexity: 2.70