
use_experimental: True
--------------------------------------------------------------------------------
max_seq_len: 128
d_model: 452
num_layers: 12
ff_hidden: 2048
lr: 0.0001
num_epochs: 30
batch_size: 128
grad_clip: 0.5
weight_decay: 0.01
Precision: bf16
--------------------------------------------------------------------------------
Model Parameter Count: 57379394
--------------------------------------------------------------------------------
Epoch: 1/30
Time Taken: 34.25s - LR: 9.98e-05
Train Loss: 7.4115 - Train Perplexity: 1654.90
Valid Loss: 6.6060 - Valid Perplexity: 739.53
--------------------------------------------------------------------------------
Epoch: 2/30
Time Taken: 33.65s - LR: 9.90e-05
Train Loss: 6.3762 - Train Perplexity: 587.71
Valid Loss: 6.1951 - Valid Perplexity: 490.34
--------------------------------------------------------------------------------
Epoch: 3/30
Time Taken: 33.57s - LR: 9.78e-05
Train Loss: 6.0236 - Train Perplexity: 413.07
Valid Loss: 5.9821 - Valid Perplexity: 396.27
--------------------------------------------------------------------------------
Epoch: 4/30
Time Taken: 33.63s - LR: 9.61e-05
Train Loss: 5.7882 - Train Perplexity: 326.42
Valid Loss: 5.8175 - Valid Perplexity: 336.12
--------------------------------------------------------------------------------
Epoch: 5/30
Time Taken: 33.58s - LR: 9.40e-05
Train Loss: 5.6079 - Train Perplexity: 272.56
Valid Loss: 5.6956 - Valid Perplexity: 297.55
--------------------------------------------------------------------------------
Epoch: 6/30
Time Taken: 33.67s - LR: 9.14e-05
Train Loss: 5.4614 - Train Perplexity: 235.42
Valid Loss: 5.6039 - Valid Perplexity: 271.49