
use_experimental: True
--------------------------------------------------------------------------------
max_seq_len: 128
d_model: 452
num_layers: 12
ff_hidden: 2048
lr: 0.0001
num_epochs: 30
batch_size: 128
grad_clip: 0.5
weight_decay: 0.01
Precision: bf16
--------------------------------------------------------------------------------
Model Parameter Count: 54934718.0
--------------------------------------------------------------------------------
Epoch: 1/30
Time Taken: 36.07s - LR: 9.98e-05
Train Loss: 7.3777 - Train Perplexity: 1599.97
Valid Loss: 6.5673 - Valid Perplexity: 711.43
--------------------------------------------------------------------------------
Epoch: 2/30
Time Taken: 35.51s - LR: 9.90e-05
Train Loss: 5.5184 - Train Perplexity: 249.24
Valid Loss: 3.3408 - Valid Perplexity: 28.24
--------------------------------------------------------------------------------
Epoch: 3/30
Time Taken: 35.29s - LR: 9.78e-05
Train Loss: 2.2874 - Train Perplexity: 9.85
Valid Loss: 0.7267 - Valid Perplexity: 2.07