
use_experimental: True
--------------------------------------------------------------------------------
max_seq_len: 128
d_model: 512
num_layers: 12
ff_hidden: 2048
lr: 0.0001
num_epochs: 30
batch_size: 128
grad_clip: 0.5
weight_decay: 0.01
--------------------------------------------------------------------------------
Model Parameter Count: 66829394
--------------------------------------------------------------------------------
Epoch: 1/30
Time Taken: 138.33s - LR: 9.98e-05
Train Loss: 7.3040 - Train Perplexity: 1486.18
Valid Loss: 6.5307 - Valid Perplexity: 685.87
--------------------------------------------------------------------------------
Epoch: 2/30
Time Taken: 30.71s - LR: 9.90e-05
Train Loss: 6.2875 - Train Perplexity: 537.80
Valid Loss: 6.1218 - Valid Perplexity: 455.67
--------------------------------------------------------------------------------
Epoch: 3/30
Time Taken: 30.69s - LR: 9.78e-05
Train Loss: 5.9353 - Train Perplexity: 378.16
Valid Loss: 5.9015 - Valid Perplexity: 365.59
--------------------------------------------------------------------------------
Epoch: 4/30
Time Taken: 30.87s - LR: 9.61e-05
Train Loss: 5.6957 - Train Perplexity: 297.58
Valid Loss: 5.7393 - Valid Perplexity: 310.86