
use_experimental: True
--------------------------------------------------------------------------------
max_seq_len: 128
d_model: 512
num_layers: 12
ff_hidden: 2048
lr: 0.0001
num_epochs: 30
batch_size: 128
grad_clip: 0.5
weight_decay: 0.01
--------------------------------------------------------------------------------
Model Parameter Count: 66829394
--------------------------------------------------------------------------------
Epoch: 1/30
Time Taken: 37.03s - LR: 9.98e-05
Train Loss: 7.3019 - Train Perplexity: 1483.12
Valid Loss: 6.5298 - Valid Perplexity: 685.24
--------------------------------------------------------------------------------
Epoch: 2/30
Time Taken: 36.24s - LR: 9.90e-05
Train Loss: 6.2906 - Train Perplexity: 539.48
Valid Loss: 6.1219 - Valid Perplexity: 455.75
--------------------------------------------------------------------------------
Epoch: 3/30
Time Taken: 36.19s - LR: 9.78e-05
Train Loss: 5.9377 - Train Perplexity: 379.05
Valid Loss: 5.9017 - Valid Perplexity: 365.66
--------------------------------------------------------------------------------
Epoch: 4/30
Time Taken: 36.51s - LR: 9.61e-05
Train Loss: 5.6975 - Train Perplexity: 298.12
Valid Loss: 5.7405 - Valid Perplexity: 311.23