
use_experimental: True
--------------------------------------------------------------------------------
max_seq_len: 128
d_model: 452
num_layers: 12
ff_hidden: 2048
lr: 0.0001
num_epochs: 30
batch_size: 128
grad_clip: 0.5
weight_decay: 0.01
Precision: bf16
--------------------------------------------------------------------------------
Model Parameter Count: 57379394
--------------------------------------------------------------------------------
Epoch: 1/30
Time Taken: 157.96s - LR: 9.98e-05
Train Loss: 7.4086 - Train Perplexity: 1650.04
Valid Loss: 6.5907 - Valid Perplexity: 728.31
--------------------------------------------------------------------------------
Epoch: 2/30
Time Taken: 29.61s - LR: 9.90e-05
Train Loss: 6.3570 - Train Perplexity: 576.50
Valid Loss: 6.1806 - Valid Perplexity: 483.28
--------------------------------------------------------------------------------
Epoch: 3/30
Time Taken: 29.72s - LR: 9.78e-05
Train Loss: 6.0066 - Train Perplexity: 406.08
Valid Loss: 5.9534 - Valid Perplexity: 385.05
--------------------------------------------------------------------------------
Epoch: 4/30
Time Taken: 29.73s - LR: 9.61e-05
Train Loss: 5.7735 - Train Perplexity: 321.66
Valid Loss: 5.7914 - Valid Perplexity: 327.46
--------------------------------------------------------------------------------
Epoch: 5/30
Time Taken: 29.68s - LR: 9.40e-05
Train Loss: 5.5916 - Train Perplexity: 268.17
Valid Loss: 5.6693 - Valid Perplexity: 289.82
--------------------------------------------------------------------------------
Epoch: 6/30
Time Taken: 29.64s - LR: 9.14e-05
Train Loss: 5.4425 - Train Perplexity: 231.02
Valid Loss: 5.5686 - Valid Perplexity: 262.06
--------------------------------------------------------------------------------
Epoch: 7/30
Time Taken: 29.75s - LR: 8.84e-05
Train Loss: 5.3172 - Train Perplexity: 203.81
Valid Loss: 5.4955 - Valid Perplexity: 243.59
--------------------------------------------------------------------------------
Epoch: 8/30
Time Taken: 29.63s - LR: 8.51e-05
Train Loss: 5.2070 - Train Perplexity: 182.54
Valid Loss: 5.4277 - Valid Perplexity: 227.62
--------------------------------------------------------------------------------
Epoch: 9/30
Time Taken: 29.67s - LR: 8.15e-05
Train Loss: 5.1096 - Train Perplexity: 165.61
Valid Loss: 5.3740 - Valid Perplexity: 215.72
--------------------------------------------------------------------------------
Epoch: 10/30
Time Taken: 29.71s - LR: 7.75e-05
Train Loss: 5.0239 - Train Perplexity: 152.00
Valid Loss: 5.3203 - Valid Perplexity: 204.44
--------------------------------------------------------------------------------
Epoch: 11/30
Time Taken: 29.70s - LR: 7.33e-05
Train Loss: 4.9470 - Train Perplexity: 140.75
Valid Loss: 5.2777 - Valid Perplexity: 195.92